
[28-Jul-2025 17:21:04 Europe/Berlin] Path in json-storage: /var/www/69.pib/pib/db.json
[28-Jul-2025 17:21:04 Europe/Berlin] Path in json-storage: /var/www/69.pib/pib/db.json
[28-Jul-2025 17:21:04 Europe/Berlin] Path in json-storage: /var/www/69.pib/pib/db.json
[28-Jul-2025 17:21:04 Europe/Berlin] Path in json-storage: /var/www/69.pib/pib/db.json
[28-Jul-2025 17:23:06 Europe/Berlin] Path in json-storage: /var/www/69.pib/pib/db.json
[28-Jul-2025 17:23:06 Europe/Berlin] Path in json-storage: /var/www/69.pib/pib/db.json
[28-Jul-2025 17:23:06 Europe/Berlin] Path in json-storage: /var/www/69.pib/pib/db.json
[28-Jul-2025 17:23:06 Europe/Berlin] Path in json-storage: /var/www/69.pib/pib/db.json
[28-Jul-2025 17:23:06 Europe/Berlin] Path in json-storage: /var/www/69.pib/pib/db.json
[28-Jul-2025 17:23:06 Europe/Berlin] Path in json-storage: /var/www/69.pib/pib/db.json
[28-Jul-2025 17:24:14 Europe/Berlin] Path in json-storage: /var/www/69.pib/pib/db.json
[28-Jul-2025 17:24:14 Europe/Berlin] Path in json-storage: /var/www/69.pib/pib/db.json
[28-Jul-2025 17:24:14 Europe/Berlin] Path in json-storage: /var/www/69.pib/pib/db.json
[28-Jul-2025 17:24:14 Europe/Berlin] Path in json-storage: /var/www/69.pib/pib/db.json
[28-Jul-2025 17:24:14 Europe/Berlin] Path in json-storage: /var/www/69.pib/pib/db.json
[28-Jul-2025 17:24:14 Europe/Berlin] Path in json-storage: /var/www/69.pib/pib/db.json
[28-Jul-2025 17:24:30 Europe/Berlin] Path in json-storage: /var/www/69.pib/pib/db.json
[28-Jul-2025 17:24:30 Europe/Berlin] Path in json-storage: /var/www/69.pib/pib/db.json
[28-Jul-2025 17:24:30 Europe/Berlin] Path in json-storage: /var/www/69.pib/pib/db.json
[28-Jul-2025 17:24:30 Europe/Berlin] Path in json-storage: /var/www/69.pib/pib/db.json
[28-Jul-2025 17:24:30 Europe/Berlin] Path in json-storage: /var/www/69.pib/pib/db.json
[28-Jul-2025 17:24:30 Europe/Berlin] Path in json-storage: /var/www/69.pib/pib/db.json
[28-Jul-2025 17:24:53 Europe/Berlin] Path in json-storage: /var/www/69.pib/pib/db.json
[28-Jul-2025 17:24:53 Europe/Berlin] Path in json-storage: /var/www/69.pib/pib/db.json
[28-Jul-2025 17:26:01 Europe/Berlin] Path in json-storage: /var/www/69.pib/pib/db.json
[28-Jul-2025 17:26:04 Europe/Berlin] Requested URI: /69.pib/pib/resources/readme.txt
[28-Jul-2025 17:26:04 Europe/Berlin] Relative path: 69.pib/pib/resources/readme.txt
[28-Jul-2025 17:26:04 Europe/Berlin] Resolved path: /var/www/69.pib/pib/resources/readme.txt
[28-Jul-2025 17:26:04 Europe/Berlin] Server root: /var/www
[28-Jul-2025 17:26:04 Europe/Berlin] Router location: /var/www/69.pib/pib
[28-Jul-2025 17:26:12 Europe/Berlin] Requested URI: /69.pib/pib/resources/readme.txt
[28-Jul-2025 17:26:12 Europe/Berlin] Relative path: 69.pib/pib/resources/readme.txt
[28-Jul-2025 17:26:12 Europe/Berlin] Resolved path: /var/www/69.pib/pib/resources/readme.txt
[28-Jul-2025 17:26:12 Europe/Berlin] Server root: /var/www
[28-Jul-2025 17:26:12 Europe/Berlin] Router location: /var/www/69.pib/pib
[28-Jul-2025 17:27:51 Europe/Berlin] Path in json-storage: /var/www/69.pib/pib/db.json
[28-Jul-2025 17:27:51 Europe/Berlin] Path in json-storage: /var/www/69.pib/pib/db.json
[28-Jul-2025 17:27:51 Europe/Berlin] Path in json-storage: /var/www/69.pib/pib/db.json
[28-Jul-2025 17:27:51 Europe/Berlin] Path in json-storage: /var/www/69.pib/pib/db.json
[28-Jul-2025 17:27:51 Europe/Berlin] Path in json-storage: /var/www/69.pib/pib/db.json
[28-Jul-2025 17:27:51 Europe/Berlin] Path in json-storage: /var/www/69.pib/pib/db.json
[28-Jul-2025 17:27:51 Europe/Berlin] Path in json-storage: /var/www/69.pib/pib/db.json
[28-Jul-2025 17:27:51 Europe/Berlin] Path in json-storage: /var/www/69.pib/pib/db.json
[28-Jul-2025 17:28:01 Europe/Berlin] Path in json-storage: /var/www/69.pib/pib/db.json
[28-Jul-2025 17:28:01 Europe/Berlin] Path in json-storage: /var/www/69.pib/pib/db.json
[28-Jul-2025 17:28:01 Europe/Berlin] Path in json-storage: /var/www/69.pib/pib/db.json
[28-Jul-2025 17:28:01 Europe/Berlin] Path in json-storage: /var/www/69.pib/pib/db.json
[28-Jul-2025 17:28:01 Europe/Berlin] Path in json-storage: /var/www/69.pib/pib/db.json
[28-Jul-2025 17:28:01 Europe/Berlin] Path in json-storage: /var/www/69.pib/pib/db.json
[28-Jul-2025 17:28:01 Europe/Berlin] Path in json-storage: /var/www/69.pib/pib/db.json
[28-Jul-2025 17:28:01 Europe/Berlin] Path in json-storage: /var/www/69.pib/pib/db.json
[28-Jul-2025 17:28:57 Europe/Berlin] Path in json-storage: /var/www/69.pib/pib/db.json
[28-Jul-2025 17:28:57 Europe/Berlin] Path in json-storage: /var/www/69.pib/pib/db.json
[28-Jul-2025 17:28:57 Europe/Berlin] Path in json-storage: /var/www/69.pib/pib/db.json
[28-Jul-2025 17:28:57 Europe/Berlin] Path in json-storage: /var/www/69.pib/pib/db.json
[28-Jul-2025 17:28:57 Europe/Berlin] Path in json-storage: /var/www/69.pib/pib/db.json
[28-Jul-2025 17:28:57 Europe/Berlin] Path in json-storage: /var/www/69.pib/pib/db.json
[28-Jul-2025 17:28:57 Europe/Berlin] Path in json-storage: /var/www/69.pib/pib/db.json
[28-Jul-2025 17:28:57 Europe/Berlin] Path in json-storage: /var/www/69.pib/pib/db.json
